make all --print-data-base --no-builtin-variables --no-builtin-rules --question
# GNU Make 3.81
# Copyright (C) 2006  Free Software Foundation, Inc.
# This is free software; see the source for copying conditions.
# There is NO warranty; not even for MERCHANTABILITY or FITNESS FOR A
# PARTICULAR PURPOSE.

# This program built for i386-apple-darwin11.3.0

# Make data base, printed on Sun Dec  5 21:19:15 2021

# Variables

# automatic
<D = $(patsubst %/,%,$(dir $<))
# automatic
?F = $(notdir $?)
# environment
ELECTRON_NO_ATTACH_CONSOLE = 1
# environment
VSCODE_LOG_NATIVE = false
# environment
WALLET_PUBLIC_KEY = 0xf25e32C0f2928F198912A4F21008aF146Af8A05a
# environment
NVM_INC = /Users/andreasbigger/.nvm/versions/node/v16.8.0/include/node
# automatic
?D = $(patsubst %/,%,$(dir $?))
# automatic
@D = $(patsubst %/,%,$(dir $@))
# automatic
@F = $(notdir $@)
# makefile
CURDIR := /Users/andreasbigger/projects/nascent/rari/vaults
# makefile
SHELL = /bin/sh
# environment
VSCODE_NLS_CONFIG = {"locale":"en-us","availableLanguages":{},"_languagePackSupport":true}
# environment
_ = /usr/bin/make
# environment
CHAIN_ID = 5
# environment
YOBOT_ERC721_LIMIT_ORDER_CONTRACT_ADDRESS = 0x0D29790C2412f42248905F879260F1A6f409a11a
# makefile (from `Makefile', line 1)
MAKEFILE_LIST :=  Makefile
# environment
VSCODE_VERBOSE_LOGGING = true
# environment
INFURA_GOERLI_PROJECT_ID = a379f26bb1564ad491f5cc1bdac3a126
 
# environment
__CFBundleIdentifier = com.microsoft.VSCode
# environment
BLOCKNATIVE_API_KEY = 3a596a64-ff39-4102-b090-ce7879de7ea1
# environment
VSCODE_IPC_HOOK_EXTHOST = /var/folders/kn/4p9f93354419mn8j_y7b955m0000gn/T/vscode-ipc-d236ced6-60ba-4c78-aed4-04c35f7a4bf5.sock
# environment
VSCODE_CWD = /Users/andreasbigger/projects/nascent/rari/vaults
# environment
PATH = /usr/local/opt/openssl@3/bin:/Users/andreasbigger/.nvm/versions/node/v16.8.0/bin:/Users/andreasbigger/.local/share/solana/install/active_release/bin:/usr/local/bin:/usr/bin:/bin:/usr/sbin:/sbin:/usr/local/go/bin:/Applications/Postgres.app/Contents/Versions/latest/bin:/Users/andreasbigger/.nix-profile/bin:/Users/andreasbigger/.cargo/bin
# environment
ALCHEMY_MAINNET_PROJECT_ID = GTdPFE68qgzYpKiTtenx_63jjfQEuIwd
# environment
LSCOLORS = Gxfxcxdxbxegedabagacad
# environment
ALACRITTY_LOG = /var/folders/kn/4p9f93354419mn8j_y7b955m0000gn/T/Alacritty-79611.log
# environment
NVM_BIN = /Users/andreasbigger/.nvm/versions/node/v16.8.0/bin
# environment
CONTRACT_ADMIN_ADDRESS = 0xf25e32C0f2928F198912A4F21008aF146Af8A05a
# environment
WALLET_PRIVATE_KEY = 85d6db0143b65a9e2f5a041fb347bf1cd9c1037f0d84de41922eca8daaf4ef5e
# environment
VSCODE_LOG_STACK = false
# environment
ELECTRON_RUN_AS_NODE = 1
# default
.FEATURES := target-specific order-only second-expansion else-if archives jobserver check-symlink
# environment
SSH_AUTH_SOCK = /private/tmp/com.apple.launchd.SJgM7lEQEH/Listeners
# automatic
%F = $(notdir $%)
# environment
NIX_SSL_CERT_FILE = /Users/andreasbigger/.nix-profile/etc/ssl/certs/ca-bundle.crt
# environment
VSCODE_PIPE_LOGGING = true
# environment
PWD = /Users/andreasbigger/projects/nascent/rari/vaults
# environment
ORIGINAL_XDG_CURRENT_DESKTOP = undefined
# environment
VSCODE_AMD_ENTRYPOINT = vs/workbench/services/extensions/node/extensionHostProcess
# environment
HOME = /Users/andreasbigger
# default
MAKEFILEPATH = $(shell /usr/bin/xcode-select -print-path 2>/dev/null || echo /Developer)/Makefiles
# environment
VSCODE_CLI = 1
# environment
VSCODE_CODE_CACHE_PATH = /Users/andreasbigger/Library/Application Support/Code/CachedData/ccbaa2d27e38e5afa3e5c21c1c7bef4657064247
# environment
LOGNAME = andreasbigger
# environment
APPLICATION_INSIGHTS_NO_DIAGNOSTIC_CHANNEL = true
# environment
NVM_CD_FLAGS = -q
# environment
ZSH = /Users/andreasbigger/.oh-my-zsh
# environment
VSCODE_HANDLES_UNCAUGHT_ERRORS = true
# automatic
^D = $(patsubst %/,%,$(dir $^))
# environment
XPC_FLAGS = 0x0
# environment
COLORTERM = truecolor
# default
MAKE = $(MAKE_COMMAND)
# default
MAKECMDGOALS := all
# environment
SHLVL = 3
# environment
NIX_PATH = /Users/andreasbigger/.nix-defexpr/channels
# environment
NIX_PROFILES = /nix/var/nix/profiles/default /Users/andreasbigger/.nix-profile
# environment
XPC_SERVICE_NAME = application.com.microsoft.VSCode.30929287.30929293.75961BE3-2987-4863-98BB-042BCB916C5B
# default
MAKE_VERSION := 3.81
# environment
USER = andreasbigger
# makefile
.DEFAULT_GOAL := all
# environment
LESS = -R
# automatic
%D = $(patsubst %/,%,$(dir $%))
# default
MAKE_COMMAND := /Library/Developer/CommandLineTools/usr/bin/make
# default
.VARIABLES := 
# environment
TMPDIR = /var/folders/kn/4p9f93354419mn8j_y7b955m0000gn/T/
# automatic
*F = $(notdir $*)
# environment
VSCODE_IPC_HOOK = /Users/andreasbigger/Library/Application Support/Code/1.62.3-main.sock
# makefile
MAKEFLAGS = Rrqp
# environment
ALCHEMY_GOERLI_PROJECT_ID = OjX30C78433UvrCNbl08OIaK3U9OP893
# environment
MFLAGS = -Rrqp
# automatic
*D = $(patsubst %/,%,$(dir $*))
# environment
SEARCHER_IDENTITY_PRIVATE_KEY = 85d6db0143b65a9e2f5a041fb347bf1cd9c1037f0d84de41922eca8daaf4ef5e
# environment
INFURA_MAINNET_PROJECT_ID = a379f26bb1564ad491f5cc1bdac3a126
# automatic
+D = $(patsubst %/,%,$(dir $+))
# automatic
+F = $(notdir $+)
# environment
ERIGON_URI = ws://erigon.nascent.xyz:8545
# environment
TX_SIGNER_PRIVATE_KEY = 85d6db0143b65a9e2f5a041fb347bf1cd9c1037f0d84de41922eca8daaf4ef5e
# environment
__CF_USER_TEXT_ENCODING = 0x1F5:0:0
# environment
COMMAND_MODE = unix2003
# default
MAKEFILES := 
# automatic
<F = $(notdir $<)
# environment
PAGER = less
# environment
LC_ALL = C
# automatic
^F = $(notdir $^)
# environment
NVM_DIR = /Users/andreasbigger/.nvm
# default
SUFFIXES := 
# default
.INCLUDE_DIRS = /usr/local/include
# environment
MAKELEVEL := 0
# environment
LANG = C
# environment
TERM = xterm-256color
# environment
VSCODE_PID = 40334
# variable set hash-table stats:
# Load=91/1024=9%, Rehash=0, Collisions=3/117=3%

# Pattern-specific Variable Values

# No pattern-specific variable values.

# Directories

# . (device 16777235, inode 31236153): 22 files, no impossibilities.

# 22 files, no impossibilities in 1 directories.

# Implicit Rules

# No implicit rules.

# Files

all: solc install update
#  Command-line target.
#  Implicit rule search has been done.
#  File does not exist.
#  File has been updated.
#  Needs to be updated (-q is set).
# variable set hash-table stats:
# Load=0/32=0%, Rehash=0, Collisions=0/2=0%

# Not a target:
.SUFFIXES:
#  Implicit rule search has not been done.
#  Modification time never checked.
#  File has not been updated.

# Not a target:
Makefile:
#  Implicit rule search has been done.
#  Last modified 2021-12-05 21:19:07
#  File has been updated.
#  Successfully updated.
# variable set hash-table stats:
# Load=0/32=0%, Rehash=0, Collisions=0/0=0%

update:
#  Implicit rule search has not been done.
#  Modification time never checked.
#  File has not been updated.
#  commands to execute (from `Makefile', line 7):
	dapp update
	

# Not a target:
.DEFAULT:
#  Implicit rule search has not been done.
#  Modification time never checked.
#  File has not been updated.

solc:
#  Implicit rule search has not been done.
#  Implicit/static pattern stem: `'
#  File does not exist.
#  File has been updated.
#  Needs to be updated (-q is set).
# automatic
# @ := solc
# automatic
# % := 
# automatic
# * := 
# automatic
# + := 
# automatic
# | := 
# automatic
# < := 
# automatic
# ^ := 
# automatic
# ? := 
# variable set hash-table stats:
# Load=8/32=25%, Rehash=0, Collisions=1/10=10%
#  commands to execute (from `Makefile', line 3):
	nix-env -f https://github.com/dapphub/dapptools/archive/master.tar.gz -iA solc-static-versions.solc_0_8_10
	

install:
#  Implicit rule search has not been done.
#  Modification time never checked.
#  File has not been updated.
#  commands to execute (from `Makefile', line 5):
	npm install
	

# files hash-table stats:
# Load=7/1024=1%, Rehash=0, Collisions=0/24=0%
# VPATH Search Paths

# No `vpath' search paths.

# No general (`VPATH' variable) search path.

# # of strings in strcache: 1
# # of strcache buffers: 1
# strcache size: total = 4096 / max = 4096 / min = 4096 / avg = 4096
# strcache free: total = 4087 / max = 4087 / min = 4087 / avg = 4087

# Finished Make data base on Sun Dec  5 21:19:15 2021

 
